# JRE version: OpenJDK Runtime Environment Corretto-11.0.8.10.1 (11.0.8+10) (build 11.0.8+10-LTS)
# Java VM: OpenJDK 64-Bit Server VM Corretto-11.0.8.10.1 (11.0.8+10-LTS, mixed mode, tiered, compressed oops, g1 gc, windows-amd64)
Heap:
 garbage-first heap   total 262144K, used 60705K [0x00000000e0000000, 0x0000000100000000)
  region size 1024K, 45 young (46080K), 2 survivors (2048K)
 Metaspace       used 31164K, capacity 31868K, committed 32048K, reserved 282624K
  class space    used 3977K, capacity 4173K, committed 4224K, reserved 253952K
GC Heap History (6 events):
Event: 0.947 GC heap before
{Heap before GC invocations=0 (full 0):
 garbage-first heap   total 262144K, used 29696K [0x00000000e0000000, 0x0000000100000000)
  region size 1024K, 24 young (24576K), 0 survivors (0K)
 Metaspace       used 10425K, capacity 10632K, committed 10752K, reserved 264192K
  class space    used 1098K, capacity 1164K, committed 1280K, reserved 253952K
}
Event: 0.953 GC heap after
{Heap after GC invocations=1 (full 0):
 garbage-first heap   total 262144K, used 8615K [0x00000000e0000000, 0x0000000100000000)
  region size 1024K, 3 young (3072K), 3 survivors (3072K)
 Metaspace       used 10425K, capacity 10632K, committed 10752K, reserved 264192K
  class space    used 1098K, capacity 1164K, committed 1280K, reserved 253952K
}
Event: 10.667 GC heap before
{Heap before GC invocations=1 (full 0):
 garbage-first heap   total 262144K, used 89511K [0x00000000e0000000, 0x0000000100000000)
  region size 1024K, 84 young (86016K), 3 survivors (3072K)
 Metaspace       used 20802K, capacity 21218K, committed 21296K, reserved 274432K
  class space    used 2493K, capacity 2660K, committed 2688K, reserved 253952K
}
Event: 10.690 GC heap after
{Heap after GC invocations=2 (full 0):
 garbage-first heap   total 262144K, used 15613K [0x00000000e0000000, 0x0000000100000000)
  region size 1024K, 10 young (10240K), 10 survivors (10240K)
 Metaspace       used 20802K, capacity 21218K, committed 21296K, reserved 274432K
  class space    used 2493K, capacity 2660K, committed 2688K, reserved 253952K
}
Event: 13.672 GC heap before
{Heap before GC invocations=3 (full 0):
 garbage-first heap   total 262144K, used 45309K [0x00000000e0000000, 0x0000000100000000)
  region size 1024K, 39 young (39936K), 10 survivors (10240K)
 Metaspace       used 24801K, capacity 25352K, committed 25520K, reserved 276480K
  class space    used 3129K, capacity 3321K, committed 3328K, reserved 253952K
}
Event: 13.678 GC heap after
{Heap after GC invocations=4 (full 0):
 garbage-first heap   total 262144K, used 17697K [0x00000000e0000000, 0x0000000100000000)
  region size 1024K, 2 young (2048K), 2 survivors (2048K)
 Metaspace       used 24801K, capacity 25352K, committed 25520K, reserved 276480K
  class space    used 3129K, capacity 3321K, committed 3328K, reserved 253952K
}

