# JRE version: Java(TM) SE Runtime Environment (11.0.1+13) (build 11.0.1+13-LTS)
# Java VM: Java HotSpot(TM) 64-Bit Server VM (11.0.1+13-LTS, mixed mode, tiered, compressed oops, g1 gc, windows-amd64)
Heap:
 garbage-first heap   total 262144K, used 15795K [0x00000000e0000000, 0x0000000100000000)
  region size 1024K, 4 young (4096K), 4 survivors (4096K)
 Metaspace       used 19091K, capacity 19561K, committed 19712K, reserved 282624K
  class space    used 2295K, capacity 2465K, committed 2560K, reserved 253952K
GC Heap History (10 events):
Event: 0.756 GC heap before
{Heap before GC invocations=0 (full 0):
 garbage-first heap   total 262144K, used 19456K [0x00000000e0000000, 0x0000000100000000)
  region size 1024K, 14 young (14336K), 0 survivors (0K)
 Metaspace       used 7497K, capacity 7679K, committed 7936K, reserved 262144K
  class space    used 685K, capacity 748K, committed 768K, reserved 253952K
}
Event: 0.760 GC heap after
{Heap after GC invocations=1 (full 0):
 garbage-first heap   total 262144K, used 7875K [0x00000000e0000000, 0x0000000100000000)
  region size 1024K, 2 young (2048K), 2 survivors (2048K)
 Metaspace       used 7497K, capacity 7679K, committed 7936K, reserved 262144K
  class space    used 685K, capacity 748K, committed 768K, reserved 253952K
}
Event: 1.201 GC heap before
{Heap before GC invocations=1 (full 0):
 garbage-first heap   total 262144K, used 18115K [0x00000000e0000000, 0x0000000100000000)
  region size 1024K, 12 young (12288K), 2 survivors (2048K)
 Metaspace       used 10686K, capacity 11015K, committed 11264K, reserved 264192K
  class space    used 1118K, capacity 1201K, committed 1280K, reserved 253952K
}
Event: 1.204 GC heap after
{Heap after GC invocations=2 (full 0):
 garbage-first heap   total 262144K, used 8798K [0x00000000e0000000, 0x0000000100000000)
  region size 1024K, 1 young (1024K), 1 survivors (1024K)
 Metaspace       used 10686K, capacity 11015K, committed 11264K, reserved 264192K
  class space    used 1118K, capacity 1201K, committed 1280K, reserved 253952K
}
Event: 1.686 GC heap before
{Heap before GC invocations=2 (full 0):
 garbage-first heap   total 262144K, used 34398K [0x00000000e0000000, 0x0000000100000000)
  region size 1024K, 27 young (27648K), 1 survivors (1024K)
 Metaspace       used 10962K, capacity 11275K, committed 11520K, reserved 264192K
  class space    used 1133K, capacity 1202K, committed 1280K, reserved 253952K
}
Event: 1.689 GC heap after
{Heap after GC invocations=3 (full 0):
 garbage-first heap   total 262144K, used 12608K [0x00000000e0000000, 0x0000000100000000)
  region size 1024K, 4 young (4096K), 4 survivors (4096K)
 Metaspace       used 10962K, capacity 11275K, committed 11520K, reserved 264192K
  class space    used 1133K, capacity 1202K, committed 1280K, reserved 253952K
}
Event: 3.513 GC heap before
{Heap before GC invocations=3 (full 0):
 garbage-first heap   total 262144K, used 51520K [0x00000000e0000000, 0x0000000100000000)
  region size 1024K, 42 young (43008K), 4 survivors (4096K)
 Metaspace       used 18068K, capacity 18578K, committed 18816K, reserved 270336K
  class space    used 2156K, capacity 2328K, committed 2432K, reserved 253952K
}
Event: 3.520 GC heap after
{Heap after GC invocations=4 (full 0):
 garbage-first heap   total 262144K, used 15555K [0x00000000e0000000, 0x0000000100000000)
  region size 1024K, 3 young (3072K), 3 survivors (3072K)
 Metaspace       used 18068K, capacity 18578K, committed 18816K, reserved 270336K
  class space    used 2156K, capacity 2328K, committed 2432K, reserved 253952K
}
Event: 3.627 GC heap before
{Heap before GC invocations=4 (full 0):
 garbage-first heap   total 262144K, used 20675K [0x00000000e0000000, 0x0000000100000000)
  region size 1024K, 9 young (9216K), 3 survivors (3072K)
 Metaspace       used 19091K, capacity 19561K, committed 19712K, reserved 280576K
  class space    used 2295K, capacity 2465K, committed 2560K, reserved 253952K
}
Event: 3.631 GC heap after
{Heap after GC invocations=5 (full 0):
 garbage-first heap   total 262144K, used 15795K [0x00000000e0000000, 0x0000000100000000)
  region size 1024K, 4 young (4096K), 4 survivors (4096K)
 Metaspace       used 19091K, capacity 19561K, committed 19712K, reserved 280576K
  class space    used 2295K, capacity 2465K, committed 2560K, reserved 253952K
}

